<?xml version="1.0" encoding="UTF-8"?>
<!-- Generated by org.testng.reporters.JUnitXMLReporter -->
<testsuite hostname="Abbss-MacBook-Pro.local" ignored="2" tests="1" failures="0" timestamp="21 Oct 2018 05:03:33 GMT" time="0.025" errors="0">
  <testcase name="test2" time="0.006" classname="GroupTestClass"/>
  <testcase name="test4" time="0.0" classname="GroupTestClass">
    <ignored/>
  </testcase> <!-- test4 -->
  <testcase name="test3" time="0.0" classname="GroupTestClass">
    <ignored/>
  </testcase> <!-- test3 -->
</testsuite>
