<?xml version="1.0" encoding="UTF-8"?>
<testng-results skipped="0" failed="0" ignored="0" total="2" passed="2">
  <reporter-output>
  </reporter-output>
  <suite name="Suite-Login" duration-ms="15229" started-at="2018-11-04T12:02:31Z" finished-at="2018-11-04T12:02:46Z">
    <groups>
    </groups>
    <test name="test1" duration-ms="15229" started-at="2018-11-04T12:02:31Z" finished-at="2018-11-04T12:02:46Z">
      <class name="TestWeb">
        <test-method status="PASS" signature="beforeMethod()[pri:0, instance:TestWeb@6ee52dcd]" name="beforeMethod" is-config="true" duration-ms="4145" started-at="2018-11-04T12:02:31Z" finished-at="2018-11-04T12:02:35Z">
          <reporter-output>
          </reporter-output>
        </test-method> <!-- beforeMethod -->
        <test-method status="PASS" signature="test1()[pri:0, instance:TestWeb@6ee52dcd]" name="test1" duration-ms="2045" started-at="2018-11-04T12:02:35Z" finished-at="2018-11-04T12:02:37Z">
          <reporter-output>
          </reporter-output>
        </test-method> <!-- test1 -->
        <test-method status="PASS" signature="beforeMethod()[pri:0, instance:TestWeb@6ee52dcd]" name="beforeMethod" is-config="true" duration-ms="2415" started-at="2018-11-04T12:02:37Z" finished-at="2018-11-04T12:02:39Z">
          <reporter-output>
          </reporter-output>
        </test-method> <!-- beforeMethod -->
        <test-method status="PASS" signature="afterMethod()[pri:0, instance:TestWeb@6ee52dcd]" name="afterMethod" is-config="true" duration-ms="0" started-at="2018-11-04T12:02:37Z" finished-at="2018-11-04T12:02:37Z">
          <reporter-output>
          </reporter-output>
        </test-method> <!-- afterMethod -->
        <test-method status="PASS" signature="test2()[pri:0, instance:TestWeb@6ee52dcd]" name="test2" duration-ms="6591" started-at="2018-11-04T12:02:39Z" finished-at="2018-11-04T12:02:46Z">
          <reporter-output>
          </reporter-output>
        </test-method> <!-- test2 -->
        <test-method status="PASS" signature="afterMethod()[pri:0, instance:TestWeb@6ee52dcd]" name="afterMethod" is-config="true" duration-ms="1" started-at="2018-11-04T12:02:46Z" finished-at="2018-11-04T12:02:46Z">
          <reporter-output>
          </reporter-output>
        </test-method> <!-- afterMethod -->
      </class> <!-- TestWeb -->
    </test> <!-- test1 -->
  </suite> <!-- Suite-Login -->
</testng-results>
