<?xml version="1.0" encoding="UTF-8"?>
<!-- Generated by org.testng.reporters.JUnitXMLReporter -->
<testsuite hostname="Abbss-MacBook-Pro.local" ignored="0" tests="4" failures="0" timestamp="21 Oct 2018 01:56:25 GMT" time="0.107" errors="0">
  <testcase name="test2" time="0.017" classname="LoginTest"/>
  <testcase name="test3" time="0.004" classname="LoginTest"/>
  <testcase name="test4" time="0.004" classname="LoginTest"/>
  <testcase name="shouldAnswerWithTrue" time="0.003" classname="AppTest"/>
</testsuite>
